SF:lib/features/maps/data/datasources/location/geo_location_datasource.dart
DA:8,1
DA:10,1
DA:12,2
DA:17,2
DA:18,1
DA:19,2
DA:20,1
DA:25,1
DA:29,2
DA:31,1
DA:32,1
DA:33,1
LF:12
LH:12
end_of_record
SF:lib/features/maps/data/datasources/location/ip_location_datasource.dart
DA:7,1
DA:9,1
DA:11,2
DA:12,1
LF:4
LH:4
end_of_record
SF:lib/features/maps/data/repositories/location_repository_impl.dart
DA:10,1
DA:12,1
DA:16,2
DA:18,1
DA:19,1
DA:20,1
DA:26,2
DA:30,2
DA:33,1
DA:37,1
DA:38,1
DA:39,1
DA:44,1
LF:13
LH:13
end_of_record
SF:lib/features/maps/domain/usecases/get_location_usecase.dart
DA:8,1
DA:10,1
DA:11,2
LF:3
LH:3
end_of_record
SF:lib/features/maps/ui/pages/map_view/map_view_bloc.dart
DA:8,2
DA:10,1
DA:11,1
DA:12,2
DA:13,1
DA:14,2
DA:18,3
LF:7
LH:7
end_of_record
SF:lib/main_binding.dart
DA:6,6
DA:8,1
DA:9,1
DA:10,2
DA:11,4
DA:12,1
LF:6
LH:6
end_of_record
SF:lib/services/client/http_client.dart
DA:4,2
DA:9,1
DA:19,3
DA:21,2
DA:28,1
DA:34,1
DA:46,3
DA:48,2
DA:57,1
DA:63,1
DA:75,3
DA:77,2
DA:86,1
DA:92,1
DA:104,3
DA:106,2
DA:115,1
DA:121,1
DA:133,3
DA:135,2
DA:142,1
LF:21
LH:21
end_of_record
SF:lib/services/geolocation.dart
DA:4,1
DA:5,1
DA:8,1
DA:9,1
DA:12,1
DA:13,1
DA:16,1
DA:17,1
DA:20,1
DA:21,1
DA:24,1
DA:25,1
LF:12
LH:12
end_of_record
SF:lib/features/maps/data/models/location_dto.dart
DA:7,5
DA:12,1
DA:13,1
DA:14,1
DA:15,1
DA:19,2
DA:20,2
DA:21,2
DA:22,2
DA:26,3
DA:28,3
LF:11
LH:11
end_of_record
SF:lib/features/maps/domain/entities/location.dart
DA:5,4
LF:1
LH:1
end_of_record
SF:lib/utils/result.dart
DA:5,2
DA:6,1
DA:8,1
DA:9,2
DA:16,4
LF:5
LH:5
end_of_record
SF:lib/features/maps/maps_binding.dart
DA:10,1
DA:11,1
DA:12,1
DA:13,1
DA:14,1
DA:15,1
DA:16,1
DA:17,1
LF:8
LH:8
end_of_record
SF:lib/utils/base_state.dart
DA:6,13
DA:8,1
DA:9,1
DA:11,1
DA:18,3
DA:20,1
DA:21,2
DA:23,1
DA:31,3
DA:33,1
DA:34,3
DA:36,1
DA:43,13
DA:45,1
DA:46,1
DA:48,1
LF:16
LH:16
end_of_record
SF:lib/features/maps/ui/pages/map_view/map_view_page.dart
DA:10,1
DA:12,1
DA:13,1
DA:21,1
DA:22,1
DA:25,1
DA:27,3
DA:28,3
DA:29,2
DA:31,1
DA:34,1
DA:36,1
DA:37,1
DA:38,1
DA:39,1
DA:40,2
DA:41,1
DA:42,2
DA:47,1
DA:48,1
DA:49,2
DA:50,1
DA:51,3
DA:54,2
DA:57,1
DA:58,1
DA:60,1
DA:61,1
DA:62,2
DA:63,1
DA:64,1
DA:67,1
DA:68,1
DA:71,1
DA:72,1
DA:74,1
DA:75,1
DA:81,1
DA:83,1
DA:84,1
DA:91,1
DA:94,1
DA:95,2
LF:43
LH:43
end_of_record
